AndroidApp/BlueDoorLock/build/intermediates/manifest_merge_blame_file/debug/manifest-merger-blame-debug-report.txt
1<?xml version="1.0" encoding="utf-8"?>
2<manifest xmlns:android="http://schemas.android.com/apk/res/android"
3    package="com.FFX.bluedoorlock"
4    android:versionCode="1"
5    android:versionName="1.0" >
6
7    <uses-sdk
7-->src\main\AndroidManifest.xml:7:5-9:41
8        android:minSdkVersion="16"
8-->src\main\AndroidManifest.xml:8:9-34
9        android:targetSdkVersion="30" />
9-->src\main\AndroidManifest.xml:9:9-38
10
11    <uses-permission android:name="android.permission.BLUETOOTH" />
11-->src\main\AndroidManifest.xml:11:5-68
11-->src\main\AndroidManifest.xml:11:22-65
12    <uses-permission android:name="android.permission.BLUETOOTH_ADMIN" />
12-->src\main\AndroidManifest.xml:12:5-74
12-->src\main\AndroidManifest.xml:12:22-71
13
14    <application
14-->src\main\AndroidManifest.xml:14:5-35:19
15        android:allowBackup="true"
15-->src\main\AndroidManifest.xml:15:9-35
16        android:debuggable="true"
17        android:icon="@drawable/msqq_lock"
17-->src\main\AndroidManifest.xml:16:9-43
18        android:label="@string/app_name"
18-->src\main\AndroidManifest.xml:17:9-41
19        android:testOnly="true"
20        android:theme="@style/titlestyle" >
20-->src\main\AndroidManifest.xml:18:9-42
21        <activity
21-->src\main\AndroidManifest.xml:19:9-27:20
22            android:name="com.FFX.bluedoorlock.MainActivity"
22-->src\main\AndroidManifest.xml:20:13-61
23            android:label="@string/app_name" >
23-->src\main\AndroidManifest.xml:21:13-45
24            <intent-filter>
24-->src\main\AndroidManifest.xml:22:13-26:29
25                <action android:name="android.intent.action.MAIN" />
25-->src\main\AndroidManifest.xml:23:17-69
25-->src\main\AndroidManifest.xml:23:25-66
26
27                <category android:name="android.intent.category.LAUNCHER" />
27-->src\main\AndroidManifest.xml:25:17-77
27-->src\main\AndroidManifest.xml:25:27-74
28            </intent-filter>
29        </activity>
30        <activity
30-->src\main\AndroidManifest.xml:28:9-30:45
31            android:name="com.FFX.bluedoorlock.SelectDevice"
31-->src\main\AndroidManifest.xml:29:13-61
32            android:label="@string/blank" />
32-->src\main\AndroidManifest.xml:30:13-42
33        <activity android:name="com.FFX.bluedoorlock.MoreFucntion" />
33-->src\main\AndroidManifest.xml:31:9-70
33-->src\main\AndroidManifest.xml:31:19-67
34        <activity android:name="com.FFX.bluedoorlock.CommandInput" />
34-->src\main\AndroidManifest.xml:32:9-70
34-->src\main\AndroidManifest.xml:32:19-67
35
36        <service android:name="com.FFX.bluedoorlock.BluetoothService" />
36-->src\main\AndroidManifest.xml:34:9-73
36-->src\main\AndroidManifest.xml:34:18-70
37    </application>
38
39</manifest>